<?xml version="1.0" encoding="UTF-8"?>
<!-- Generated by org.testng.reporters.JUnitReportReporter -->
<testsuite skipped="0" hostname="Shantha" name="com.actitime.tests.LoginPageTest" tests="1" failures="0" timestamp="18 Nov 2017 21:35:19 GMT" time="1.095" errors="0">
  <testcase name="login" time="1.095" classname="com.actitime.tests.LoginPageTest"/>
</testsuite> <!-- com.actitime.tests.LoginPageTest -->
