<?xml version="1.0" encoding="UTF-8"?>
<!-- Generated by org.testng.reporters.JUnitReportReporter -->
<testsuite skipped="0" hostname="Shantha" name="com.actitime.tests.InvalidLoginTest" tests="1" failures="0" timestamp="01 Dec 2017 03:12:00 GMT" time="3.246" errors="0">
  <testcase name="testInvalidLogin" time="3.246" classname="com.actitime.tests.InvalidLoginTest"/>
</testsuite> <!-- com.actitime.tests.InvalidLoginTest -->
