<?xml version="1.0" encoding="UTF-8"?>
<!-- Generated by org.testng.reporters.JUnitReportReporter -->
<testsuite skipped="0" hostname="Shantha" name="com.actitime.tests.VerifyVersionTest" tests="1" failures="0" timestamp="01 Dec 2017 03:12:00 GMT" time="0.408" errors="0">
  <testcase name="testVerifyVersion" time="0.408" classname="com.actitime.tests.VerifyVersionTest"/>
</testsuite> <!-- com.actitime.tests.VerifyVersionTest -->
