<?xml version="1.0" encoding="UTF-8"?>
<!-- Generated by org.testng.reporters.JUnitReportReporter -->
<testsuite skipped="0" hostname="Shantha" name="com.actitime.tests.ValidLoginTest" tests="1" failures="0" timestamp="01 Dec 2017 03:12:00 GMT" time="7.153" errors="0">
  <testcase name="testvalidloginlogout" time="7.153" classname="com.actitime.tests.ValidLoginTest"/>
</testsuite> <!-- com.actitime.tests.ValidLoginTest -->
